<?xml version="1.0" encoding="UTF-8"?>
<coverage generated="1570477297194" clover="3.2.0">
  <project timestamp="1570477297194" name="All files">
    <metrics statements="5" coveredstatements="5" conditionals="0" coveredconditionals="0" methods="1" coveredmethods="1" elements="6" coveredelements="6" complexity="0" loc="5" ncloc="5" packages="1" files="1" classes="1">
      <file name="map.js" path="/home/bruna/reactNinja/modulo2/jest-in-practice/src/map/map.js">
        <metrics statements="5" coveredstatements="5" conditionals="0" coveredconditionals="0" methods="1" coveredmethods="1"/>
        <line num="2" count="1" type="stmt"/>
        <line num="3" count="3" type="stmt"/>
        <line num="4" count="3" type="stmt"/>
        <line num="5" count="6" type="stmt"/>
        <line num="7" count="3" type="stmt"/>
      </file>
    </metrics>
  </project>
</coverage>
