<?xml version="1.0" encoding="UTF-8"?>
<coverage generated="1570576245862" clover="3.2.0">
  <project timestamp="1570576245863" name="All files">
    <metrics statements="6" coveredstatements="6" conditionals="2" coveredconditionals="2" methods="1" coveredmethods="1" elements="9" coveredelements="9" complexity="0" loc="6" ncloc="6" packages="1" files="1" classes="1">
      <file name="filter.js" path="/home/bruna/reactNinja/modulo2/jest-in-practice/src/filter.js">
        <metrics statements="6" coveredstatements="6" conditionals="2" coveredconditionals="2" methods="1" coveredmethods="1"/>
        <line num="2" count="1" type="stmt"/>
        <line num="3" count="3" type="stmt"/>
        <line num="5" count="3" type="stmt"/>
        <line num="6" count="9" type="cond" truecount="2" falsecount="0"/>
        <line num="7" count="6" type="stmt"/>
        <line num="10" count="3" type="stmt"/>
      </file>
    </metrics>
  </project>
</coverage>
